DEBUG:root:QStyleFactory.keys() = ['Windows', 'Fusion']
DEBUG:root:self.current_dir = /media/gtnaozuka/GUSTAVO2/PhysiCell_V.1.10.4/PhysiCell (heterogeneity)
DEBUG:root:self.pmb_root_dir = /media/gtnaozuka/GUSTAVO2/PhysiCell_V.1.10.4/PhysiCell-model-builder
DEBUG:root:self.config_dir = /media/gtnaozuka/GUSTAVO2/PhysiCell_V.1.10.4/PhysiCell (heterogeneity)/config
DEBUG:root:=======================  microenv populate_tree  ======================= 
DEBUG:root:dc_ic_units =  mmHg
DEBUG:root:dc_bc_units = mmHg
DEBUG:root:bv = <Element 'boundary_value' at 0x7f352f1cec70>
DEBUG:root:   -------- substrate:  dirichlet_xmin = 0
DEBUG:root:bv = <Element 'boundary_value' at 0x7f352f1cecc0>
DEBUG:root:bv = <Element 'boundary_value' at 0x7f352f1ced10>
DEBUG:root:bv = <Element 'boundary_value' at 0x7f352f1ced60>
DEBUG:root:bv = <Element 'boundary_value' at 0x7f352f1cedb0>
DEBUG:root:bv = <Element 'boundary_value' at 0x7f352f1cee00>
DEBUG:root:------- options: <Element 'calculate_gradients' at 0x7f352f1ceef0>
DEBUG:root:------- options: <Element 'track_internalized_substrates_in_each_agent' at 0x7f352f1cef90>
DEBUG:root:------- options: <Element 'initial_condition' at 0x7f352f1d4040>
DEBUG:root:------- options: <Element 'dirichlet_nodes' at 0x7f352f1d4130>
DEBUG:root:

=======================  leaving microenv populate_tree  =====================
DEBUG:root:
====================== create_cycle_tab ===================
DEBUG:root: new stacked widget: trate live -------------> 0
DEBUG:root: new stacked widget: trate Ki67 -------------> 1
DEBUG:root: new stacked widget: t02 -------------> 2
DEBUG:root: new stacked widget: trate_flowcyto -------------> 3
DEBUG:root: new stacked widget: flow cyto sep -------------> 4
DEBUG:root: new stacked widget: trate_quiescent -------------> 5
DEBUG:root: new stacked widget: duration live -------------> 6
DEBUG:root: new stacked widget: duration Ki67 -------------> 7
DEBUG:root: new stacked widget: t02 -------------> 8
DEBUG:root: new stacked widget: duration_flowcyto -------------> 9
DEBUG:root: new stacked widget: flow cyto sep -------------> 10
DEBUG:root: new stacked widget: duration_quiescent -------------> 11
DEBUG:root:intracellular is Unkown
DEBUG:root:pmb.py: first_cell_def_name= default
DEBUG:root:cell_def_tab.py: ------- fill_substrates_comboboxes
DEBUG:root: --> substrate
DEBUG:root:------ motility_substrate_changed_cb(): idx = 0
DEBUG:root:       motility_substrate_changed_cb(): self.current_cell_def = None
DEBUG:root:------ motility2_substrate_changed_cb(): idx = 0
DEBUG:root:   text (subname) = substrate
DEBUG:root:=======================  populate_tree_cell_defs(): ======================= 
DEBUG:root:    cell_def_tab.param_d = {}
DEBUG:root:

=======================  validate_cell_defs(): ======================= 
DEBUG:root:Checking default
DEBUG:root:=======================  end validate_cell_defs(): =======================


DEBUG:root:----- cell_def.tag= cell_definition
DEBUG:root:
===== populate_tree():  cycle
DEBUG:root: >> cycle_path= .//cell_definition[1]//phenotype//cycle
DEBUG:root:   cycle code= 6
DEBUG:root: >> phase_transition_path 
DEBUG:root: >> phase_durations_path =.//cell_definition[1]//phenotype//cycle//phase_durations
DEBUG:root: >> pd_uep =<Element 'phase_durations' at 0x7f352f1d43b0>
DEBUG:root:phase_duration= <Element 'duration' at 0x7f352f1d4400>
DEBUG:root:------------ sval for phase duration= 300.0
DEBUG:root:phase_duration= <Element 'duration' at 0x7f352f1d4450>
DEBUG:root:------------ sval for phase duration= 480
DEBUG:root:phase_duration= <Element 'duration' at 0x7f352f1d44a0>
DEBUG:root:------------ sval for phase duration= 240
DEBUG:root:phase_duration= <Element 'duration' at 0x7f352f1d44f0>
DEBUG:root:------------ sval for phase duration= 60
DEBUG:root:
===== populate_tree():  death
DEBUG:root:death_uep=<Element 'death' at 0x7f352f1d4540>
DEBUG:root:-------- parsing apoptosis!
DEBUG:root: >> pd_uep =<Element 'phase_durations' at 0x7f352f1d4630>
DEBUG:root:phase_duration= <Element 'duration' at 0x7f352f1d46d0>
DEBUG:root:index= 0
DEBUG:root:-------- parsing necrosis!
DEBUG:root: >> pd_uep =<Element 'phase_durations' at 0x7f352f1d4db0>
DEBUG:root:<Element 'duration' at 0x7f352f1d4e50>
DEBUG:root:index= 0
DEBUG:root:<Element 'duration' at 0x7f352f1d4ea0>
DEBUG:root:index= 1
DEBUG:root:volume_path=.//cell_definition[1]//phenotype//volume//
DEBUG:root:
===== populate_tree():  mechanics
DEBUG:root:mechanics_path=.//cell_definition[1]//phenotype//mechanics//
DEBUG:root:---- cell_interactions_path= .//cell_definition[1]//phenotype//mechanics//cell_adhesion_affinities
DEBUG:root:---- found cell_adhesion_affinities_path:
DEBUG:root:--> {'default': '1.0'}
DEBUG:root:
===== populate_tree():  motility
DEBUG:root:motility_path=.//cell_definition[1]//phenotype//motility//
DEBUG:root:
----------- populate_tree_cell_defs.py: cell_def_name= default,  cell_def_tab.param_d[cell_def_name]["motility_chemotaxis_substrate"] = substrate
DEBUG:root:motility_advanced_chemotaxis_path= .//cell_definition[1]//phenotype//motility//options//advanced_chemotaxis//
DEBUG:root:chemotactic_sensitivity= {'substrate': '0.0'}
DEBUG:root:sensitivity_path= .//cell_definition[1]//phenotype//motility//options//advanced_chemotaxis//chemotactic_sensitivities
DEBUG:root:---- found chemotactic_sensitivities: <Element 'chemotactic_sensitivities' at 0x7f352f1e0720>
DEBUG:root:subelm=<Element 'chemotactic_sensitivity' at 0x7f352f1e0810>
DEBUG:root: chemotactic_sensitivity--> substrate = 0.0
DEBUG:root:{'substrate': '0.0'}
DEBUG:root:------ motility2_substrate_changed_cb(): idx = 0
DEBUG:root:   text (subname) = substrate
DEBUG:root:    motility_advanced_chemotaxis_substrate= substrate
DEBUG:root:   chemotactic_sensitivity = {'substrate': '0.0'}
DEBUG:root:----- chemo_sensitivity_changed() = 0.0
DEBUG:root:----- chemo_sensitivity_changed(): subname = substrate
DEBUG:root:     chemotactic_sensitivity (dict)= {'substrate': '0.0'}
DEBUG:root:
===== populate_tree():  secretion
DEBUG:root:secretion_path = .//cell_definition[1]//phenotype//secretion//
DEBUG:root:uep_secretion = <Element 'secretion' at 0x7f352f1e0900>
DEBUG:root:0) -- secretion substrate = substrate
DEBUG:root:------ done parsing secretion:
DEBUG:root:
===== populate_tree():  cell_interactions
DEBUG:root:---- cell_interactions_path= .//cell_definition[1]//phenotype//cell_interactions
DEBUG:root:---- found cell_interactions:
DEBUG:root:uep2= <Element 'live_phagocytosis_rates' at 0x7f352f1e0d60>
DEBUG:root: live_phagocytosis_rate= {'default': '0.0'}
DEBUG:root: attack_rate= {'default': '0.0'}
DEBUG:root: fusion_rate= {'default': '0.0'}
DEBUG:root:------ done parsing cell_interactions:
DEBUG:root:---- transformation_rates_path = .//cell_definition[1]//phenotype//cell_transformations//transformation_rates
DEBUG:root: transformation_rate= {'default': '0.0'}
DEBUG:root:------ done parsing cell_transformations:
DEBUG:root:
===== populate_tree():  molecular
DEBUG:root:
===== populate_tree():  intracellular
DEBUG:root:------ done parsing intracellular:
DEBUG:root:
===== populate_tree():  custom data
DEBUG:root:uep_custom_data= <Element 'custom_data' at 0x7f352f1e44a0>
DEBUG:root:--------------- populate_tree: (empty)custom_data = {}
DEBUG:root:var.attrib.keys() = dict_keys(['units', 'conserved', 'description'])
DEBUG:root:--------- units_val= dimensionless
DEBUG:root:populate: cell_def_name= default --> custom_data: {'sample': ['1.0', False, 'dimensionless']}
DEBUG:root:
  ---- apoptosis_phase_transition_cb: 
DEBUG:root:apoptosis: ------>> duration
DEBUG:root:apoptosis_phase_transition_cb: --> duration
DEBUG:root:
  ---- necrosis_phase_transition_cb: 
DEBUG:root:necrosis: ------>>duration
DEBUG:root:necrosis_phase_transition_cb: --> duration
DEBUG:root:
----- update_motility_params():  cdname= default
DEBUG:root:     setting motility_substrate_dropdown (for cdname= default ) = substrate
DEBUG:root:     setting motility2_substrate_dropdown (for cdname= default ) = substrate
DEBUG:root:    chemotactic_sensitivity= {'substrate': '0.0'}
DEBUG:root:new val = 0.0
DEBUG:root:----- leave update_motility_params()

DEBUG:root:update_secretion_params(): cdname = default
DEBUG:root:update_secretion_params(): self.current_secretion_substrate = substrate
DEBUG:root:{'substrate': {'secretion_rate': '0', 'secretion_target': '1', 'uptake_rate': '0', 'net_export_rate': '0'}}
DEBUG:root:["custom_data"]keys() = dict_keys(['sample'])
DEBUG:root:cell_def_tab.py: update_custom_data_params(): sample,['1.0', False, 'dimensionless']
DEBUG:root:
--------- cell_def_tab.py: custom_data tab: custom_data_name_changed() --------
DEBUG:root:   self.current_cell_def = default
DEBUG:root: self.sender().idx= 0
DEBUG:root: master_custom_varname= ['sample']
DEBUG:root: old varname = sample
DEBUG:root:custom_data_name_changed(): vname = sample
DEBUG:root:custom_data_name_changed(): idx =  0
DEBUG:root:custom_data_name_changed(): custom_data_name_changed(): text = sample
DEBUG:root:
 THIS! ~~~~~~~~~~~ cell_def_tab.py: custom_data_value_changed(): vname = sample, val = 1.0
DEBUG:root:       before:
DEBUG:root:['1.0', False, 'dimensionless']
DEBUG:root:       after:
DEBUG:root:['1.0', False, 'dimensionless']
DEBUG:root:custom_data_conserved[idx]---> <PyQt5.QtWidgets.QCheckBox object at 0x7f352efafee0>
DEBUG:root:["custom_data"][key])       ---> ['1.0', False, 'dimensionless']
DEBUG:root:["custom_data"][key][0])       ---> 1.0
DEBUG:root:["custom_data"][key][1])       ---> False
DEBUG:root:["custom_data"][key][2])       ---> dimensionless
DEBUG:root:cell_def_tab.py: ------- fill_celltypes_comboboxes
DEBUG:root:

------------  user_params_tab: fill_gui --------------
DEBUG:root:uep_user_params= <Element 'user_parameters' at 0x7f352f1e46d0>
DEBUG:root:pmb.py: self.current_dir = /media/gtnaozuka/GUSTAVO2/PhysiCell_V.1.10.4/PhysiCell (heterogeneity)
DEBUG:root:
pmb.py: open_as_cb():  full_path_model_name =/media/gtnaozuka/GUSTAVO2/PhysiCell_V.1.10.4/PhysiCell (heterogeneity)/config/PhysiCell_settings_Live_without_o2_apop_nec.xml
DEBUG:root:     filePath is valid
DEBUG:root:     len(full_path_model_name) = 125
DEBUG:root:pmb: show_sample_model(): self.config_file = /media/gtnaozuka/GUSTAVO2/PhysiCell_V.1.10.4/PhysiCell (heterogeneity)/config/PhysiCell_settings_Live_without_o2_apop_nec.xml
DEBUG:root:

------- cell_def_tab.py: clear_custom_data_tab(self):  self.custom_data_count = 1
DEBUG:root:
--------- cell_def_tab.py: custom_data tab: custom_data_name_changed() --------
DEBUG:root:   self.current_cell_def = default
DEBUG:root: self.sender().idx= 0
DEBUG:root: master_custom_varname= ['sample']
DEBUG:root: old varname = sample
DEBUG:root:custom_data_name_changed(): vname = 
DEBUG:root:custom_data_name_changed(): idx =  0
DEBUG:root:custom_data_name_changed(): custom_data_name_changed(): text = 
DEBUG:root:custom_data_name_changed(): self.param_d.keys() = dict_keys(['default'])
DEBUG:root:----- cdname = default
DEBUG:root:{'': ['1.0', False, 'dimensionless']}
DEBUG:root:=======================  microenv populate_tree  ======================= 
DEBUG:root:dc_ic_units =  mmHg
DEBUG:root:dc_bc_units = mmHg
DEBUG:root:bv = <Element 'boundary_value' at 0x7f352ef45bd0>
DEBUG:root:   -------- oxygen:  dirichlet_xmin = 38.0
DEBUG:root:bv = <Element 'boundary_value' at 0x7f352ef45c20>
DEBUG:root:bv = <Element 'boundary_value' at 0x7f352ef45c70>
DEBUG:root:bv = <Element 'boundary_value' at 0x7f352ef45cc0>
DEBUG:root:bv = <Element 'boundary_value' at 0x7f352ef45d10>
DEBUG:root:bv = <Element 'boundary_value' at 0x7f352ef45d60>
DEBUG:root:------- options: <Element 'calculate_gradients' at 0x7f352ef45e50>
DEBUG:root:------- options: <Element 'track_internalized_substrates_in_each_agent' at 0x7f352ef45ef0>
DEBUG:root:------- options: <Element 'initial_condition' at 0x7f352ef45f40>
DEBUG:root:------- options: <Element 'dirichlet_nodes' at 0x7f352ef4b090>
DEBUG:root:

=======================  leaving microenv populate_tree  =====================
DEBUG:root:cell_def_tab.py: ------- fill_substrates_comboboxes
DEBUG:root:------ motility_substrate_changed_cb(): idx = -1
DEBUG:root:       motility_substrate_changed_cb(): self.current_cell_def = None
DEBUG:root:------ motility2_substrate_changed_cb(): idx = -1
DEBUG:root:   text (subname) = 
DEBUG:root:   subname is empty, return!
DEBUG:root: --> oxygen
DEBUG:root:------ motility_substrate_changed_cb(): idx = 0
DEBUG:root:       motility_substrate_changed_cb(): self.current_cell_def = None
DEBUG:root:------ motility2_substrate_changed_cb(): idx = 0
DEBUG:root:   text (subname) = oxygen
DEBUG:root:=======================  populate_tree_cell_defs(): ======================= 
DEBUG:root:    cell_def_tab.param_d = {}
DEBUG:root:

=======================  validate_cell_defs(): ======================= 
DEBUG:root:Checking cancer cell
DEBUG:root:=======================  end validate_cell_defs(): =======================


DEBUG:root:----- cell_def.tag= cell_definition
DEBUG:root:
===== populate_tree():  cycle
DEBUG:root: >> cycle_path= .//cell_definition[1]//phenotype//cycle
DEBUG:root:   cycle code= 5
DEBUG:root: >> phase_transition_path 
DEBUG:root:<Element 'rate' at 0x7f352ef4b3b0>
DEBUG:root:--  cycle_live_trate00 0.00072
DEBUG:root: >> phase_durations_path =.//cell_definition[1]//phenotype//cycle//phase_durations
DEBUG:root: >> pd_uep =None
DEBUG:root:
===== populate_tree():  death
DEBUG:root:death_uep=<Element 'death' at 0x7f352ef4b400>
DEBUG:root:-------- parsing apoptosis!
DEBUG:root: >> pd_uep =<Element 'phase_durations' at 0x7f352ef4b4f0>
DEBUG:root:phase_duration= <Element 'duration' at 0x7f352ef4b590>
DEBUG:root:index= 0
DEBUG:root:-------- parsing necrosis!
DEBUG:root: >> pd_uep =<Element 'phase_durations' at 0x7f352ef4bc70>
DEBUG:root:<Element 'duration' at 0x7f352ef4bd10>
DEBUG:root:index= 0
DEBUG:root:<Element 'duration' at 0x7f352ef4bd60>
DEBUG:root:index= 1
DEBUG:root:volume_path=.//cell_definition[1]//phenotype//volume//
DEBUG:root:
===== populate_tree():  mechanics
DEBUG:root:mechanics_path=.//cell_definition[1]//phenotype//mechanics//
DEBUG:root:---- cell_interactions_path= .//cell_definition[1]//phenotype//mechanics//cell_adhesion_affinities
DEBUG:root:---- found cell_adhesion_affinities_path:
DEBUG:root:--> {'cancer cell': '1.0'}
DEBUG:root:
===== populate_tree():  motility
DEBUG:root:motility_path=.//cell_definition[1]//phenotype//motility//
DEBUG:root:
----------- populate_tree_cell_defs.py: cell_def_name= cancer cell,  cell_def_tab.param_d[cell_def_name]["motility_chemotaxis_substrate"] = oxygen
DEBUG:root:motility_advanced_chemotaxis_path= .//cell_definition[1]//phenotype//motility//options//advanced_chemotaxis//
DEBUG:root:chemotactic_sensitivity= {'oxygen': '0.0'}
DEBUG:root:sensitivity_path= .//cell_definition[1]//phenotype//motility//options//advanced_chemotaxis//chemotactic_sensitivities
DEBUG:root:---- found chemotactic_sensitivities: <Element 'chemotactic_sensitivities' at 0x7f352ef565e0>
DEBUG:root:subelm=<Element 'chemotactic_sensitivity' at 0x7f352ef566d0>
DEBUG:root: chemotactic_sensitivity--> oxygen = 0.0
DEBUG:root:{'oxygen': '0.0'}
DEBUG:root:------ motility2_substrate_changed_cb(): idx = 0
DEBUG:root:   text (subname) = oxygen
DEBUG:root:    motility_advanced_chemotaxis_substrate= oxygen
DEBUG:root:   chemotactic_sensitivity = {'oxygen': '0.0'}
DEBUG:root:
===== populate_tree():  secretion
DEBUG:root:secretion_path = .//cell_definition[1]//phenotype//secretion//
DEBUG:root:uep_secretion = <Element 'secretion' at 0x7f352ef567c0>
DEBUG:root:0) -- secretion substrate = oxygen
DEBUG:root:------ done parsing secretion:
DEBUG:root:
===== populate_tree():  cell_interactions
DEBUG:root:---- cell_interactions_path= .//cell_definition[1]//phenotype//cell_interactions
DEBUG:root:---- found cell_interactions:
DEBUG:root:uep2= <Element 'live_phagocytosis_rates' at 0x7f352ef56c20>
DEBUG:root: live_phagocytosis_rate= {'cancer cell': '0.0'}
DEBUG:root: attack_rate= {'cancer cell': '0.0'}
DEBUG:root: fusion_rate= {'cancer cell': '0.0'}
DEBUG:root:------ done parsing cell_interactions:
DEBUG:root:---- transformation_rates_path = .//cell_definition[1]//phenotype//cell_transformations//transformation_rates
DEBUG:root: transformation_rate= {'cancer cell': '0.0'}
DEBUG:root:------ done parsing cell_transformations:
DEBUG:root:
===== populate_tree():  molecular
DEBUG:root:
===== populate_tree():  intracellular
DEBUG:root:------ done parsing intracellular:
DEBUG:root:
===== populate_tree():  custom data
DEBUG:root:uep_custom_data= <Element 'custom_data' at 0x7f352ef59360>
DEBUG:root:--------------- populate_tree: (empty)custom_data = {}
DEBUG:root:var.attrib.keys() = dict_keys(['units', 'conserved', 'description'])
DEBUG:root:--------- units_val= dimensionless
DEBUG:root:populate: cell_def_name= cancer cell --> custom_data: {'sample': ['1.0', False, 'dimensionless']}
DEBUG:root:
----- update_motility_params():  cdname= cancer cell
DEBUG:root:     setting motility_substrate_dropdown (for cdname= cancer cell ) = oxygen
DEBUG:root:     setting motility2_substrate_dropdown (for cdname= cancer cell ) = oxygen
DEBUG:root:    chemotactic_sensitivity= {'oxygen': '0.0'}
DEBUG:root:new val = 0.0
DEBUG:root:----- leave update_motility_params()

DEBUG:root:update_secretion_params(): cdname = cancer cell
DEBUG:root:update_secretion_params(): self.current_secretion_substrate = oxygen
DEBUG:root:{'oxygen': {'secretion_rate': '0', 'secretion_target': '0', 'uptake_rate': '0', 'net_export_rate': '0'}}
DEBUG:root:["custom_data"]keys() = dict_keys(['sample'])
DEBUG:root:cell_def_tab.py: update_custom_data_params(): sample,['1.0', False, 'dimensionless']
DEBUG:root:
--------- cell_def_tab.py: custom_data tab: custom_data_name_changed() --------
DEBUG:root:   self.current_cell_def = cancer cell
DEBUG:root: self.sender().idx= 0
DEBUG:root: master_custom_varname= ['sample']
DEBUG:root: old varname = sample
DEBUG:root:custom_data_name_changed(): vname = sample
DEBUG:root:custom_data_name_changed(): idx =  0
DEBUG:root:custom_data_name_changed(): custom_data_name_changed(): text = sample
DEBUG:root:
 THIS! ~~~~~~~~~~~ cell_def_tab.py: custom_data_value_changed(): vname = sample, val = 1.0
DEBUG:root:       before:
DEBUG:root:['1.0', False, 'dimensionless']
DEBUG:root:       after:
DEBUG:root:['1.0', False, 'dimensionless']
DEBUG:root:custom_data_conserved[idx]---> <PyQt5.QtWidgets.QCheckBox object at 0x7f352efafee0>
DEBUG:root:["custom_data"][key])       ---> ['1.0', False, 'dimensionless']
DEBUG:root:["custom_data"][key][0])       ---> 1.0
DEBUG:root:["custom_data"][key][1])       ---> False
DEBUG:root:["custom_data"][key][2])       ---> dimensionless
DEBUG:root:cell_def_tab.py: ------- fill_celltypes_comboboxes
DEBUG:root:

------------  user_params_tab: fill_gui --------------
DEBUG:root:uep_user_params= <Element 'user_parameters' at 0x7f352ef59590>
